2020-03-02T05:06:34+00:00 CRITICAL syntax error, unexpected ')' in /var/www/vhosts/desarrollo3dids.net/erum.desarrollo3dids.net/wp-content/themes/erum/functions.php on line 307

2020-03-02T05:06:37+00:00 CRITICAL syntax error, unexpected ')' in /var/www/vhosts/desarrollo3dids.net/erum.desarrollo3dids.net/wp-content/themes/erum/functions.php on line 307

2020-03-02T05:06:37+00:00 CRITICAL syntax error, unexpected ')' in /var/www/vhosts/desarrollo3dids.net/erum.desarrollo3dids.net/wp-content/themes/erum/functions.php on line 307

2020-03-02T05:06:58+00:00 CRITICAL syntax error, unexpected ')' in /var/www/vhosts/desarrollo3dids.net/erum.desarrollo3dids.net/wp-content/themes/erum/functions.php on line 307

2020-03-02T05:07:01+00:00 CRITICAL syntax error, unexpected ')' in /var/www/vhosts/desarrollo3dids.net/erum.desarrollo3dids.net/wp-content/themes/erum/functions.php on line 307

2020-03-02T05:07:02+00:00 CRITICAL syntax error, unexpected ')' in /var/www/vhosts/desarrollo3dids.net/erum.desarrollo3dids.net/wp-content/themes/erum/functions.php on line 307

2020-03-02T06:27:28+00:00 CRITICAL syntax error, unexpected '<' in /var/www/vhosts/desarrollo3dids.net/erum.desarrollo3dids.net/wp-content/themes/erum/functions.php on line 321

2020-03-02T06:27:28+00:00 CRITICAL syntax error, unexpected '<' in /var/www/vhosts/desarrollo3dids.net/erum.desarrollo3dids.net/wp-content/themes/erum/functions.php on line 321

2020-03-02T06:27:29+00:00 CRITICAL syntax error, unexpected '<' in /var/www/vhosts/desarrollo3dids.net/erum.desarrollo3dids.net/wp-content/themes/erum/functions.php on line 321

2020-03-02T06:27:34+00:00 CRITICAL syntax error, unexpected '<' in /var/www/vhosts/desarrollo3dids.net/erum.desarrollo3dids.net/wp-content/themes/erum/functions.php on line 321

2020-03-02T06:28:01+00:00 CRITICAL syntax error, unexpected '<' in /var/www/vhosts/desarrollo3dids.net/erum.desarrollo3dids.net/wp-content/themes/erum/functions.php on line 321

2020-03-02T06:28:01+00:00 CRITICAL syntax error, unexpected '<' in /var/www/vhosts/desarrollo3dids.net/erum.desarrollo3dids.net/wp-content/themes/erum/functions.php on line 321

2020-03-02T06:28:17+00:00 CRITICAL syntax error, unexpected '<' in /var/www/vhosts/desarrollo3dids.net/erum.desarrollo3dids.net/wp-content/themes/erum/functions.php on line 321

2020-03-02T06:29:27+00:00 CRITICAL syntax error, unexpected '<' in /var/www/vhosts/desarrollo3dids.net/erum.desarrollo3dids.net/wp-content/themes/erum/functions.php on line 321

2020-03-02T06:29:28+00:00 CRITICAL syntax error, unexpected '<' in /var/www/vhosts/desarrollo3dids.net/erum.desarrollo3dids.net/wp-content/themes/erum/functions.php on line 321

2020-03-02T06:29:31+00:00 CRITICAL syntax error, unexpected '<' in /var/www/vhosts/desarrollo3dids.net/erum.desarrollo3dids.net/wp-content/themes/erum/functions.php on line 321

2020-03-02T06:29:34+00:00 CRITICAL syntax error, unexpected '<' in /var/www/vhosts/desarrollo3dids.net/erum.desarrollo3dids.net/wp-content/themes/erum/functions.php on line 321

2020-03-02T06:29:55+00:00 CRITICAL syntax error, unexpected '<' in /var/www/vhosts/desarrollo3dids.net/erum.desarrollo3dids.net/wp-content/themes/erum/functions.php on line 321

2020-03-02T06:37:59+00:00 CRITICAL syntax error, unexpected '<' in /var/www/vhosts/desarrollo3dids.net/erum.desarrollo3dids.net/wp-content/themes/erum/functions.php on line 321

2020-03-02T06:38:11+00:00 CRITICAL syntax error, unexpected '<' in /var/www/vhosts/desarrollo3dids.net/erum.desarrollo3dids.net/wp-content/themes/erum/functions.php on line 321

2020-03-02T06:38:14+00:00 CRITICAL syntax error, unexpected '<' in /var/www/vhosts/desarrollo3dids.net/erum.desarrollo3dids.net/wp-content/themes/erum/functions.php on line 321

2020-03-02T06:38:43+00:00 CRITICAL syntax error, unexpected '<' in /var/www/vhosts/desarrollo3dids.net/erum.desarrollo3dids.net/wp-content/themes/erum/functions.php on line 321

2020-03-02T06:38:46+00:00 CRITICAL syntax error, unexpected '<' in /var/www/vhosts/desarrollo3dids.net/erum.desarrollo3dids.net/wp-content/themes/erum/functions.php on line 321

2020-03-02T06:39:19+00:00 CRITICAL syntax error, unexpected '<' in /var/www/vhosts/desarrollo3dids.net/erum.desarrollo3dids.net/wp-content/themes/erum/functions.php on line 321

2020-03-02T06:40:12+00:00 CRITICAL syntax error, unexpected '<' in /var/www/vhosts/desarrollo3dids.net/erum.desarrollo3dids.net/wp-content/themes/erum/functions.php on line 321

2020-03-02T06:40:15+00:00 CRITICAL syntax error, unexpected '<' in /var/www/vhosts/desarrollo3dids.net/erum.desarrollo3dids.net/wp-content/themes/erum/functions.php on line 321

2020-03-02T06:51:04+00:00 CRITICAL syntax error, unexpected 'if' (T_IF) in /var/www/vhosts/desarrollo3dids.net/erum.desarrollo3dids.net/wp-content/themes/erum/functions.php on line 321

2020-03-02T06:51:22+00:00 CRITICAL syntax error, unexpected 'if' (T_IF) in /var/www/vhosts/desarrollo3dids.net/erum.desarrollo3dids.net/wp-content/themes/erum/functions.php on line 321

2020-03-02T06:51:23+00:00 CRITICAL syntax error, unexpected 'if' (T_IF) in /var/www/vhosts/desarrollo3dids.net/erum.desarrollo3dids.net/wp-content/themes/erum/functions.php on line 321

2020-03-02T06:51:37+00:00 CRITICAL syntax error, unexpected 'if' (T_IF) in /var/www/vhosts/desarrollo3dids.net/erum.desarrollo3dids.net/wp-content/themes/erum/functions.php on line 321

2020-03-02T07:20:17+00:00 CRITICAL syntax error, unexpected 'custom_product_name' (T_STRING) in /var/www/vhosts/desarrollo3dids.net/erum.desarrollo3dids.net/wp-content/themes/erum/functions.php on line 326

2020-03-02T07:20:19+00:00 CRITICAL syntax error, unexpected 'custom_product_name' (T_STRING) in /var/www/vhosts/desarrollo3dids.net/erum.desarrollo3dids.net/wp-content/themes/erum/functions.php on line 326

2020-03-02T07:20:27+00:00 CRITICAL syntax error, unexpected 'custom_product_name' (T_STRING) in /var/www/vhosts/desarrollo3dids.net/erum.desarrollo3dids.net/wp-content/themes/erum/functions.php on line 326

2020-03-02T07:20:33+00:00 CRITICAL syntax error, unexpected 'custom_product_name' (T_STRING) in /var/www/vhosts/desarrollo3dids.net/erum.desarrollo3dids.net/wp-content/themes/erum/functions.php on line 326

2020-03-02T07:20:34+00:00 CRITICAL syntax error, unexpected 'custom_product_name' (T_STRING) in /var/www/vhosts/desarrollo3dids.net/erum.desarrollo3dids.net/wp-content/themes/erum/functions.php on line 326

2020-03-02T07:21:42+00:00 CRITICAL syntax error, unexpected 'custom_product_name' (T_STRING) in /var/www/vhosts/desarrollo3dids.net/erum.desarrollo3dids.net/wp-content/themes/erum/functions.php on line 326

2020-03-02T07:22:19+00:00 CRITICAL syntax error, unexpected 'custom_product_name' (T_STRING) in /var/www/vhosts/desarrollo3dids.net/erum.desarrollo3dids.net/wp-content/themes/erum/functions.php on line 326

2020-03-02T07:22:20+00:00 CRITICAL syntax error, unexpected 'custom_product_name' (T_STRING) in /var/www/vhosts/desarrollo3dids.net/erum.desarrollo3dids.net/wp-content/themes/erum/functions.php on line 326

2020-03-02T07:22:28+00:00 CRITICAL syntax error, unexpected 'custom_product_name' (T_STRING) in /var/www/vhosts/desarrollo3dids.net/erum.desarrollo3dids.net/wp-content/themes/erum/functions.php on line 326

2020-03-02T07:23:19+00:00 CRITICAL syntax error, unexpected 'custom_product_name' (T_STRING) in /var/www/vhosts/desarrollo3dids.net/erum.desarrollo3dids.net/wp-content/themes/erum/functions.php on line 326

2020-03-02T07:23:24+00:00 CRITICAL syntax error, unexpected 'custom_product_name' (T_STRING) in /var/www/vhosts/desarrollo3dids.net/erum.desarrollo3dids.net/wp-content/themes/erum/functions.php on line 326

2020-03-02T07:23:29+00:00 CRITICAL syntax error, unexpected 'custom_product_name' (T_STRING) in /var/www/vhosts/desarrollo3dids.net/erum.desarrollo3dids.net/wp-content/themes/erum/functions.php on line 326

2020-03-02T07:24:19+00:00 CRITICAL syntax error, unexpected 'custom_product_name' (T_STRING) in /var/www/vhosts/desarrollo3dids.net/erum.desarrollo3dids.net/wp-content/themes/erum/functions.php on line 326

2020-03-02T07:24:20+00:00 CRITICAL syntax error, unexpected 'custom_product_name' (T_STRING) in /var/www/vhosts/desarrollo3dids.net/erum.desarrollo3dids.net/wp-content/themes/erum/functions.php on line 326

2020-03-02T07:24:31+00:00 CRITICAL syntax error, unexpected 'custom_product_name' (T_STRING) in /var/www/vhosts/desarrollo3dids.net/erum.desarrollo3dids.net/wp-content/themes/erum/functions.php on line 326

2020-03-02T07:25:31+00:00 CRITICAL syntax error, unexpected 'custom_product_name' (T_STRING) in /var/www/vhosts/desarrollo3dids.net/erum.desarrollo3dids.net/wp-content/themes/erum/functions.php on line 326

2020-03-02T07:29:10+00:00 CRITICAL syntax error, unexpected '<' in /var/www/vhosts/desarrollo3dids.net/erum.desarrollo3dids.net/wp-content/themes/erum/functions.php on line 327

2020-03-02T07:31:12+00:00 CRITICAL syntax error, unexpected 'custom_product_name' (T_STRING) in /var/www/vhosts/desarrollo3dids.net/erum.desarrollo3dids.net/wp-content/themes/erum/functions.php on line 326

2020-03-02T07:32:22+00:00 CRITICAL syntax error, unexpected 'custom_product_name' (T_STRING) in /var/www/vhosts/desarrollo3dids.net/erum.desarrollo3dids.net/wp-content/themes/erum/functions.php on line 326

2020-03-02T07:32:32+00:00 CRITICAL syntax error, unexpected 'custom_product_name' (T_STRING) in /var/www/vhosts/desarrollo3dids.net/erum.desarrollo3dids.net/wp-content/themes/erum/functions.php on line 326

2020-03-02T07:34:34+00:00 CRITICAL syntax error, unexpected 'custom_product_name' (T_STRING) in /var/www/vhosts/desarrollo3dids.net/erum.desarrollo3dids.net/wp-content/themes/erum/functions.php on line 326

2020-03-02T07:37:00+00:00 CRITICAL syntax error, unexpected 'echo' (T_ECHO) in /var/www/vhosts/desarrollo3dids.net/erum.desarrollo3dids.net/wp-content/themes/erum/functions.php on line 332

2020-03-02T07:39:39+00:00 CRITICAL syntax error, unexpected 'echo' (T_ECHO) in /var/www/vhosts/desarrollo3dids.net/erum.desarrollo3dids.net/wp-content/themes/erum/functions.php on line 332

2020-03-02T07:39:47+00:00 CRITICAL syntax error, unexpected 'echo' (T_ECHO) in /var/www/vhosts/desarrollo3dids.net/erum.desarrollo3dids.net/wp-content/themes/erum/functions.php on line 332

2020-03-02T07:39:49+00:00 CRITICAL syntax error, unexpected 'echo' (T_ECHO) in /var/www/vhosts/desarrollo3dids.net/erum.desarrollo3dids.net/wp-content/themes/erum/functions.php on line 332

